0	2.000000	Greenbelt/Greenbelt01.jpg
0	3.000000	Wasteland/Wasteland58.jpg
0	2.000000	Greenbelt/Greenbelt21.jpg
0	3.000000	Wasteland/Wasteland92.jpg
0	4.000000	Water/Water82.jpg
0	0.000000	Buildings/Buildings116.jpg
0	1.000000	Farmland/Farmland05.jpg
0	2.000000	Greenbelt/Greenbelt84.jpg
0	1.000000	Farmland/Farmland86.jpg
0	3.000000	Wasteland/Wasteland81.jpg
0	4.000000	Water/Water66.jpg
0	1.000000	Farmland/Farmland07.jpg
0	0.000000	Buildings/Buildings43.jpg
0	2.000000	Greenbelt/Greenbelt92.jpg
0	4.000000	Water/Water68.jpg
0	0.000000	Buildings/Buildings99.jpg
0	1.000000	Farmland/Farmland93.jpg
0	1.000000	Farmland/Farmland20.jpg
0	2.000000	Greenbelt/Greenbelt68.jpg
0	2.000000	Greenbelt/Greenbelt79.jpg
0	2.000000	Greenbelt/Greenbelt51.jpg
0	1.000000	Farmland/Farmland33.jpg
0	0.000000	Buildings/Buildings95.jpg
0	3.000000	Wasteland/Wasteland70.jpg
0	4.000000	Water/Water36.jpg
0	4.000000	Water/Water61.jpg
0	2.000000	Greenbelt/Greenbelt63.jpg
0	1.000000	Farmland/Farmland31.jpg
0	2.000000	Greenbelt/Greenbelt03.jpg
0	0.000000	Buildings/Buildings24.jpg
0	0.000000	Buildings/Buildings93.jpg
0	2.000000	Greenbelt/Greenbelt37.jpg
0	0.000000	Buildings/Buildings103.jpg
0	0.000000	Buildings/Buildings92.jpg
0	2.000000	Greenbelt/Greenbelt56.jpg
0	0.000000	Buildings/Buildings73.jpg
0	4.000000	Water/Water28.jpg
0	2.000000	Greenbelt/Greenbelt29.jpg
0	0.000000	Buildings/Buildings13.jpg
0	4.000000	Water/Water58.jpg
0	1.000000	Farmland/Farmland85.jpg
0	1.000000	Farmland/Farmland98.jpg
0	2.000000	Greenbelt/Greenbelt110.jpg
0	2.000000	Greenbelt/Greenbelt76.jpg
0	3.000000	Wasteland/Wasteland35.jpg
0	1.000000	Farmland/Farmland23.jpg
0	3.000000	Wasteland/Wasteland24.jpg
0	0.000000	Buildings/Buildings46.jpg
0	2.000000	Greenbelt/Greenbelt52.jpg
0	3.000000	Wasteland/Wasteland18.jpg
0	4.000000	Water/Water44.jpg
0	4.000000	Water/Water53.jpg
0	1.000000	Farmland/Farmland78.jpg
0	1.000000	Farmland/Farmland42.jpg
0	0.000000	Buildings/Buildings18.jpg
0	3.000000	Wasteland/Wasteland15.jpg
0	3.000000	Wasteland/Wasteland90.jpg
0	2.000000	Greenbelt/Greenbelt100.jpg
0	1.000000	Farmland/Farmland105.jpg
0	1.000000	Farmland/Farmland100.jpg
0	1.000000	Farmland/Farmland47.jpg
0	3.000000	Wasteland/Wasteland31.jpg
0	1.000000	Farmland/Farmland22.jpg
0	3.000000	Wasteland/Wasteland32.jpg
0	3.000000	Wasteland/Wasteland46.jpg
0	1.000000	Farmland/Farmland01.jpg
0	0.000000	Buildings/Buildings26.jpg
0	1.000000	Farmland/Farmland62.jpg
0	4.000000	Water/Water72.jpg
0	4.000000	Water/Water23.jpg
0	3.000000	Wasteland/Wasteland03.jpg
0	2.000000	Greenbelt/Greenbelt95.jpg
0	3.000000	Wasteland/Wasteland68.jpg
0	3.000000	Wasteland/Wasteland30.jpg
0	3.000000	Wasteland/Wasteland74.jpg
0	1.000000	Farmland/Farmland77.jpg
0	1.000000	Farmland/Farmland56.jpg
0	0.000000	Buildings/Buildings31.jpg
0	2.000000	Greenbelt/Greenbelt93.jpg
0	0.000000	Buildings/Buildings22.jpg
0	3.000000	Wasteland/Wasteland88.jpg
0	2.000000	Greenbelt/Greenbelt71.jpg
0	1.000000	Farmland/Farmland55.jpg
0	1.000000	Farmland/Farmland67.jpg
0	2.000000	Greenbelt/Greenbelt48.jpg
0	0.000000	Buildings/Buildings11.jpg
0	1.000000	Farmland/Farmland65.jpg
0	1.000000	Farmland/Farmland76.jpg
0	1.000000	Farmland/Farmland08.jpg
0	3.000000	Wasteland/Wasteland71.jpg
0	0.000000	Buildings/Buildings105.jpg
0	1.000000	Farmland/Farmland96.jpg
0	4.000000	Water/Water57.jpg
0	3.000000	Wasteland/Wasteland20.jpg
0	0.000000	Buildings/Buildings74.jpg
0	4.000000	Water/Water29.jpg
0	4.000000	Water/Water37.jpg
0	3.000000	Wasteland/Wasteland05.jpg
0	4.000000	Water/Water71.jpg
0	4.000000	Water/Water85.jpg
0	4.000000	Water/Water33.jpg
0	3.000000	Wasteland/Wasteland06.jpg
0	2.000000	Greenbelt/Greenbelt83.jpg
0	2.000000	Greenbelt/Greenbelt27.jpg
0	0.000000	Buildings/Buildings50.jpg
0	3.000000	Wasteland/Wasteland50.jpg
0	0.000000	Buildings/Buildings01.jpg
0	1.000000	Farmland/Farmland30.jpg
0	0.000000	Buildings/Buildings68.jpg
0	1.000000	Farmland/Farmland51.jpg
0	1.000000	Farmland/Farmland48.jpg
0	1.000000	Farmland/Farmland10.jpg
0	3.000000	Wasteland/Wasteland16.jpg
0	4.000000	Water/Water62.jpg
0	0.000000	Buildings/Buildings119.jpg
0	3.000000	Wasteland/Wasteland36.jpg
0	2.000000	Greenbelt/Greenbelt15.jpg
0	3.000000	Wasteland/Wasteland75.jpg
0	1.000000	Farmland/Farmland44.jpg
0	3.000000	Wasteland/Wasteland39.jpg
0	0.000000	Buildings/Buildings40.jpg
0	3.000000	Wasteland/Wasteland61.jpg
0	0.000000	Buildings/Buildings90.jpg
0	0.000000	Buildings/Buildings94.jpg
0	2.000000	Greenbelt/Greenbelt111.jpg
0	1.000000	Farmland/Farmland90.jpg
0	3.000000	Wasteland/Wasteland04.jpg
0	1.000000	Farmland/Farmland39.jpg
0	1.000000	Farmland/Farmland99.jpg
0	2.000000	Greenbelt/Greenbelt98.jpg
0	4.000000	Water/Water04.jpg
0	0.000000	Buildings/Buildings81.jpg
0	1.000000	Farmland/Farmland17.jpg
0	2.000000	Greenbelt/Greenbelt25.jpg
0	0.000000	Buildings/Buildings69.jpg
0	1.000000	Farmland/Farmland58.jpg
0	4.000000	Water/Water05.jpg
0	1.000000	Farmland/Farmland25.jpg
0	0.000000	Buildings/Buildings109.jpg
0	3.000000	Wasteland/Wasteland44.jpg
0	1.000000	Farmland/Farmland82.jpg
0	3.000000	Wasteland/Wasteland77.jpg
0	1.000000	Farmland/Farmland60.jpg
0	2.000000	Greenbelt/Greenbelt108.jpg
0	2.000000	Greenbelt/Greenbelt16.jpg
0	0.000000	Buildings/Buildings58.jpg
0	1.000000	Farmland/Farmland68.jpg
0	0.000000	Buildings/Buildings53.jpg
0	2.000000	Greenbelt/Greenbelt73.jpg
0	4.000000	Water/Water74.jpg
0	0.000000	Buildings/Buildings82.jpg
0	3.000000	Wasteland/Wasteland19.jpg
0	1.000000	Farmland/Farmland59.jpg
0	3.000000	Wasteland/Wasteland34.jpg
0	3.000000	Wasteland/Wasteland28.jpg
0	1.000000	Farmland/Farmland04.jpg
0	2.000000	Greenbelt/Greenbelt31.jpg
0	3.000000	Wasteland/Wasteland48.jpg
0	1.000000	Farmland/Farmland73.jpg
0	4.000000	Water/Water13.jpg
0	1.000000	Farmland/Farmland87.jpg
0	4.000000	Water/Water84.jpg
0	4.000000	Water/Water69.jpg
0	0.000000	Buildings/Buildings108.jpg
0	4.000000	Water/Water09.jpg
0	0.000000	Buildings/Buildings27.jpg
0	0.000000	Buildings/Buildings111.jpg
0	0.000000	Buildings/Buildings89.jpg
0	3.000000	Wasteland/Wasteland42.jpg
0	4.000000	Water/Water45.jpg
0	4.000000	Water/Water101.jpg
0	2.000000	Greenbelt/Greenbelt20.jpg
0	4.000000	Water/Water46.jpg
0	2.000000	Greenbelt/Greenbelt91.jpg
0	0.000000	Buildings/Buildings51.jpg
0	3.000000	Wasteland/Wasteland56.jpg
0	4.000000	Water/Water51.jpg
0	3.000000	Wasteland/Wasteland14.jpg
0	1.000000	Farmland/Farmland102.jpg
0	1.000000	Farmland/Farmland104.jpg
0	4.000000	Water/Water100.jpg
0	1.000000	Farmland/Farmland91.jpg
0	0.000000	Buildings/Buildings61.jpg
0	1.000000	Farmland/Farmland63.jpg
0	3.000000	Wasteland/Wasteland45.jpg
0	4.000000	Water/Water42.jpg
0	2.000000	Greenbelt/Greenbelt66.jpg
0	4.000000	Water/Water60.jpg
0	4.000000	Water/Water16.jpg
0	2.000000	Greenbelt/Greenbelt50.jpg
0	3.000000	Wasteland/Wasteland55.jpg
0	4.000000	Water/Water18.jpg
0	2.000000	Greenbelt/Greenbelt85.jpg
0	1.000000	Farmland/Farmland26.jpg
0	4.000000	Water/Water95.jpg
0	0.000000	Buildings/Buildings65.jpg
0	3.000000	Wasteland/Wasteland49.jpg
0	1.000000	Farmland/Farmland41.jpg
0	4.000000	Water/Water08.jpg
0	1.000000	Farmland/Farmland89.jpg
0	0.000000	Buildings/Buildings49.jpg
0	0.000000	Buildings/Buildings08.jpg
0	2.000000	Greenbelt/Greenbelt23.jpg
0	2.000000	Greenbelt/Greenbelt106.jpg
0	2.000000	Greenbelt/Greenbelt06.jpg
0	4.000000	Water/Water30.jpg
0	0.000000	Buildings/Buildings38.jpg
0	2.000000	Greenbelt/Greenbelt77.jpg
0	4.000000	Water/Water20.jpg
0	4.000000	Water/Water15.jpg
0	4.000000	Water/Water24.jpg
0	4.000000	Water/Water12.jpg
0	1.000000	Farmland/Farmland101.jpg
0	3.000000	Wasteland/Wasteland40.jpg
0	4.000000	Water/Water70.jpg
0	1.000000	Farmland/Farmland19.jpg
0	2.000000	Greenbelt/Greenbelt61.jpg
0	3.000000	Wasteland/Wasteland27.jpg
0	2.000000	Greenbelt/Greenbelt54.jpg
0	0.000000	Buildings/Buildings25.jpg
0	2.000000	Greenbelt/Greenbelt112.jpg
0	2.000000	Greenbelt/Greenbelt96.jpg
0	3.000000	Wasteland/Wasteland13.jpg
0	4.000000	Water/Water41.jpg
0	1.000000	Farmland/Farmland61.jpg
0	0.000000	Buildings/Buildings52.jpg
0	4.000000	Water/Water01.jpg
0	3.000000	Wasteland/Wasteland43.jpg
0	4.000000	Water/Water26.jpg
0	3.000000	Wasteland/Wasteland29.jpg
0	2.000000	Greenbelt/Greenbelt28.jpg
0	1.000000	Farmland/Farmland52.jpg
0	1.000000	Farmland/Farmland92.jpg
0	0.000000	Buildings/Buildings77.jpg
0	4.000000	Water/Water93.jpg
0	4.000000	Water/Water27.jpg
0	2.000000	Greenbelt/Greenbelt33.jpg
0	1.000000	Farmland/Farmland75.jpg
0	2.000000	Greenbelt/Greenbelt99.jpg
0	0.000000	Buildings/Buildings67.jpg
0	0.000000	Buildings/Buildings66.jpg
0	0.000000	Buildings/Buildings16.jpg
0	2.000000	Greenbelt/Greenbelt22.jpg
0	0.000000	Buildings/Buildings48.jpg
0	3.000000	Wasteland/Wasteland63.jpg
0	2.000000	Greenbelt/Greenbelt58.jpg
0	0.000000	Buildings/Buildings14.jpg
0	2.000000	Greenbelt/Greenbelt78.jpg
0	3.000000	Wasteland/Wasteland53.jpg
0	4.000000	Water/Water06.jpg
0	2.000000	Greenbelt/Greenbelt07.jpg
0	2.000000	Greenbelt/Greenbelt57.jpg
0	4.000000	Water/Water89.jpg
0	0.000000	Buildings/Buildings10.jpg
0	1.000000	Farmland/Farmland57.jpg
0	3.000000	Wasteland/Wasteland73.jpg
0	2.000000	Greenbelt/Greenbelt43.jpg
0	0.000000	Buildings/Buildings104.jpg
0	0.000000	Buildings/Buildings45.jpg
0	1.000000	Farmland/Farmland34.jpg
0	4.000000	Water/Water17.jpg
0	3.000000	Wasteland/Wasteland11.jpg
0	3.000000	Wasteland/Wasteland82.jpg
0	3.000000	Wasteland/Wasteland22.jpg
0	4.000000	Water/Water48.jpg
0	1.000000	Farmland/Farmland36.jpg
0	0.000000	Buildings/Buildings05.jpg
0	0.000000	Buildings/Buildings101.jpg
0	0.000000	Buildings/Buildings91.jpg
0	2.000000	Greenbelt/Greenbelt13.jpg
0	2.000000	Greenbelt/Greenbelt102.jpg
0	0.000000	Buildings/Buildings70.jpg
0	2.000000	Greenbelt/Greenbelt59.jpg
0	4.000000	Water/Water19.jpg
0	2.000000	Greenbelt/Greenbelt60.jpg
0	0.000000	Buildings/Buildings19.jpg
0	2.000000	Greenbelt/Greenbelt42.jpg
0	2.000000	Greenbelt/Greenbelt38.jpg
0	0.000000	Buildings/Buildings15.jpg
0	4.000000	Water/Water21.jpg
0	1.000000	Farmland/Farmland06.jpg
0	4.000000	Water/Water54.jpg
0	2.000000	Greenbelt/Greenbelt80.jpg
0	0.000000	Buildings/Buildings39.jpg
0	1.000000	Farmland/Farmland70.jpg
0	2.000000	Greenbelt/Greenbelt19.jpg
0	0.000000	Buildings/Buildings28.jpg
0	2.000000	Greenbelt/Greenbelt90.jpg
0	1.000000	Farmland/Farmland66.jpg
0	0.000000	Buildings/Buildings121.jpg
0	1.000000	Farmland/Farmland88.jpg
0	4.000000	Water/Water80.jpg
0	0.000000	Buildings/Buildings17.jpg
0	0.000000	Buildings/Buildings35.jpg
0	0.000000	Buildings/Buildings07.jpg
0	1.000000	Farmland/Farmland28.jpg
0	0.000000	Buildings/Buildings106.jpg
0	0.000000	Buildings/Buildings12.jpg
0	2.000000	Greenbelt/Greenbelt62.jpg
0	2.000000	Greenbelt/Greenbelt12.jpg
0	1.000000	Farmland/Farmland37.jpg
0	1.000000	Farmland/Farmland13.jpg
0	0.000000	Buildings/Buildings57.jpg
0	1.000000	Farmland/Farmland79.jpg
0	4.000000	Water/Water59.jpg
0	4.000000	Water/Water81.jpg
0	0.000000	Buildings/Buildings20.jpg
0	1.000000	Farmland/Farmland83.jpg
0	1.000000	Farmland/Farmland84.jpg
0	0.000000	Buildings/Buildings30.jpg
0	4.000000	Water/Water35.jpg
0	4.000000	Water/Water97.jpg
0	0.000000	Buildings/Buildings78.jpg
0	1.000000	Farmland/Farmland74.jpg
0	2.000000	Greenbelt/Greenbelt70.jpg
0	3.000000	Wasteland/Wasteland89.jpg
0	0.000000	Buildings/Buildings56.jpg
0	4.000000	Water/Water50.jpg
0	1.000000	Farmland/Farmland16.jpg
0	0.000000	Buildings/Buildings47.jpg
0	1.000000	Farmland/Farmland11.jpg
0	2.000000	Greenbelt/Greenbelt26.jpg
0	2.000000	Greenbelt/Greenbelt39.jpg
0	0.000000	Buildings/Buildings02.jpg
0	4.000000	Water/Water39.jpg
0	0.000000	Buildings/Buildings36.jpg
0	2.000000	Greenbelt/Greenbelt64.jpg
0	1.000000	Farmland/Farmland103.jpg
0	2.000000	Greenbelt/Greenbelt09.jpg
0	0.000000	Buildings/Buildings09.jpg
0	4.000000	Water/Water31.jpg
0	4.000000	Water/Water03.jpg
0	2.000000	Greenbelt/Greenbelt45.jpg
0	1.000000	Farmland/Farmland46.jpg
0	2.000000	Greenbelt/Greenbelt24.jpg
0	1.000000	Farmland/Farmland106.jpg
0	2.000000	Greenbelt/Greenbelt81.jpg
0	2.000000	Greenbelt/Greenbelt94.jpg
0	4.000000	Water/Water49.jpg
0	2.000000	Greenbelt/Greenbelt14.jpg
0	4.000000	Water/Water65.jpg
0	0.000000	Buildings/Buildings120.jpg
0	0.000000	Buildings/Buildings04.jpg
0	4.000000	Water/Water86.jpg
0	1.000000	Farmland/Farmland95.jpg
0	3.000000	Wasteland/Wasteland60.jpg
0	3.000000	Wasteland/Wasteland38.jpg
0	1.000000	Farmland/Farmland02.jpg
0	4.000000	Water/Water38.jpg
0	0.000000	Buildings/Buildings88.jpg
0	1.000000	Farmland/Farmland32.jpg
0	3.000000	Wasteland/Wasteland69.jpg
0	4.000000	Water/Water78.jpg
0	4.000000	Water/Water07.jpg
0	4.000000	Water/Water40.jpg
0	1.000000	Farmland/Farmland38.jpg
0	3.000000	Wasteland/Wasteland67.jpg
0	2.000000	Greenbelt/Greenbelt109.jpg
0	3.000000	Wasteland/Wasteland47.jpg
0	3.000000	Wasteland/Wasteland84.jpg
0	4.000000	Water/Water14.jpg
0	0.000000	Buildings/Buildings42.jpg
0	0.000000	Buildings/Buildings83.jpg
0	2.000000	Greenbelt/Greenbelt104.jpg
0	4.000000	Water/Water75.jpg
0	1.000000	Farmland/Farmland29.jpg
0	1.000000	Farmland/Farmland18.jpg
0	1.000000	Farmland/Farmland72.jpg
0	4.000000	Water/Water98.jpg
0	1.000000	Farmland/Farmland45.jpg
0	3.000000	Wasteland/Wasteland66.jpg
0	0.000000	Buildings/Buildings118.jpg
0	0.000000	Buildings/Buildings34.jpg
0	2.000000	Greenbelt/Greenbelt36.jpg
0	0.000000	Buildings/Buildings41.jpg
0	0.000000	Buildings/Buildings21.jpg
0	0.000000	Buildings/Buildings85.jpg
0	0.000000	Buildings/Buildings63.jpg
0	0.000000	Buildings/Buildings110.jpg
0	4.000000	Water/Water55.jpg
0	3.000000	Wasteland/Wasteland08.jpg
0	0.000000	Buildings/Buildings32.jpg
0	2.000000	Greenbelt/Greenbelt65.jpg
0	4.000000	Water/Water94.jpg
0	1.000000	Farmland/Farmland81.jpg
0	2.000000	Greenbelt/Greenbelt53.jpg
0	4.000000	Water/Water77.jpg
0	4.000000	Water/Water32.jpg
0	1.000000	Farmland/Farmland53.jpg
0	4.000000	Water/Water76.jpg
0	1.000000	Farmland/Farmland49.jpg
0	0.000000	Buildings/Buildings72.jpg
0	4.000000	Water/Water83.jpg
0	2.000000	Greenbelt/Greenbelt08.jpg
0	0.000000	Buildings/Buildings64.jpg
0	0.000000	Buildings/Buildings33.jpg
0	0.000000	Buildings/Buildings06.jpg
0	1.000000	Farmland/Farmland24.jpg
0	2.000000	Greenbelt/Greenbelt18.jpg
0	3.000000	Wasteland/Wasteland01.jpg
0	2.000000	Greenbelt/Greenbelt107.jpg
0	4.000000	Water/Water79.jpg
0	1.000000	Farmland/Farmland15.jpg
0	0.000000	Buildings/Buildings79.jpg
0	4.000000	Water/Water34.jpg
0	0.000000	Buildings/Buildings113.jpg
0	0.000000	Buildings/Buildings37.jpg
0	2.000000	Greenbelt/Greenbelt86.jpg
0	3.000000	Wasteland/Wasteland10.jpg
0	0.000000	Buildings/Buildings54.jpg
0	3.000000	Wasteland/Wasteland64.jpg
0	2.000000	Greenbelt/Greenbelt74.jpg
0	0.000000	Buildings/Buildings107.jpg
0	2.000000	Greenbelt/Greenbelt35.jpg
0	2.000000	Greenbelt/Greenbelt04.jpg
0	2.000000	Greenbelt/Greenbelt103.jpg
0	3.000000	Wasteland/Wasteland23.jpg
0	2.000000	Greenbelt/Greenbelt97.jpg
0	3.000000	Wasteland/Wasteland91.jpg
0	3.000000	Wasteland/Wasteland65.jpg
0	0.000000	Buildings/Buildings98.jpg
0	2.000000	Greenbelt/Greenbelt69.jpg
0	3.000000	Wasteland/Wasteland85.jpg
0	3.000000	Wasteland/Wasteland52.jpg
0	3.000000	Wasteland/Wasteland26.jpg
0	2.000000	Greenbelt/Greenbelt05.jpg
